2024-06-30 22:45:30,807 ERROR Internal Server Error: /accounts/login/ C:\Users\vanya\PycharmProjects\NewsPortal_Project\.venv\lib\site-packages\django\utils\log.py (<class 'django.db.utils.OperationalError'>, OperationalError('no such column: socialaccount_socialapp.provider_id'), <traceback object at 0x000001A05F08D780>)
Traceback (most recent call last):
  File "C:\Users\vanya\PycharmProjects\NewsPortal_Project\.venv\lib\site-packages\django\db\backends\utils.py", line 89, in _execute
    return self.cursor.execute(sql, params)
  File "C:\Users\vanya\PycharmProjects\NewsPortal_Project\.venv\lib\site-packages\django\db\backends\sqlite3\base.py", line 328, in execute
    return super().execute(query, params)
sqlite3.OperationalError: no such column: socialaccount_socialapp.provider_id

The above exception was the direct cause of the following exception:

Traceback (most recent call last):
  File "C:\Users\vanya\PycharmProjects\NewsPortal_Project\.venv\lib\site-packages\django\core\handlers\exception.py", line 55, in inner
    response = get_response(request)
  File "C:\Users\vanya\PycharmProjects\NewsPortal_Project\.venv\lib\site-packages\django\core\handlers\base.py", line 220, in _get_response
    response = response.render()
  File "C:\Users\vanya\PycharmProjects\NewsPortal_Project\.venv\lib\site-packages\django\template\response.py", line 114, in render
    self.content = self.rendered_content
  File "C:\Users\vanya\PycharmProjects\NewsPortal_Project\.venv\lib\site-packages\django\template\response.py", line 92, in rendered_content
    return template.render(context, self._request)
  File "C:\Users\vanya\PycharmProjects\NewsPortal_Project\.venv\lib\site-packages\django\template\backends\django.py", line 61, in render
    return self.template.render(context)
  File "C:\Users\vanya\PycharmProjects\NewsPortal_Project\.venv\lib\site-packages\django\template\base.py", line 175, in render
    return self._render(context)
  File "C:\Users\vanya\PycharmProjects\NewsPortal_Project\.venv\lib\site-packages\django\template\base.py", line 167, in _render
    return self.nodelist.render(context)
  File "C:\Users\vanya\PycharmProjects\NewsPortal_Project\.venv\lib\site-packages\django\template\base.py", line 1005, in render
    return SafeString("".join([node.render_annotated(context) for node in self]))
  File "C:\Users\vanya\PycharmProjects\NewsPortal_Project\.venv\lib\site-packages\django\template\base.py", line 1005, in <listcomp>
    return SafeString("".join([node.render_annotated(context) for node in self]))
  File "C:\Users\vanya\PycharmProjects\NewsPortal_Project\.venv\lib\site-packages\django\template\base.py", line 966, in render_annotated
    return self.render(context)
  File "C:\Users\vanya\PycharmProjects\NewsPortal_Project\.venv\lib\site-packages\django\template\loader_tags.py", line 157, in render
    return compiled_parent._render(context)
  File "C:\Users\vanya\PycharmProjects\NewsPortal_Project\.venv\lib\site-packages\django\template\base.py", line 167, in _render
    return self.nodelist.render(context)
  File "C:\Users\vanya\PycharmProjects\NewsPortal_Project\.venv\lib\site-packages\django\template\base.py", line 1005, in render
    return SafeString("".join([node.render_annotated(context) for node in self]))
  File "C:\Users\vanya\PycharmProjects\NewsPortal_Project\.venv\lib\site-packages\django\template\base.py", line 1005, in <listcomp>
    return SafeString("".join([node.render_annotated(context) for node in self]))
  File "C:\Users\vanya\PycharmProjects\NewsPortal_Project\.venv\lib\site-packages\django\template\base.py", line 966, in render_annotated
    return self.render(context)
  File "C:\Users\vanya\PycharmProjects\NewsPortal_Project\.venv\lib\site-packages\django\template\loader_tags.py", line 157, in render
    return compiled_parent._render(context)
  File "C:\Users\vanya\PycharmProjects\NewsPortal_Project\.venv\lib\site-packages\django\template\base.py", line 167, in _render
    return self.nodelist.render(context)
  File "C:\Users\vanya\PycharmProjects\NewsPortal_Project\.venv\lib\site-packages\django\template\base.py", line 1005, in render
    return SafeString("".join([node.render_annotated(context) for node in self]))
  File "C:\Users\vanya\PycharmProjects\NewsPortal_Project\.venv\lib\site-packages\django\template\base.py", line 1005, in <listcomp>
    return SafeString("".join([node.render_annotated(context) for node in self]))
  File "C:\Users\vanya\PycharmProjects\NewsPortal_Project\.venv\lib\site-packages\django\template\base.py", line 966, in render_annotated
    return self.render(context)
  File "C:\Users\vanya\PycharmProjects\NewsPortal_Project\.venv\lib\site-packages\django\template\loader_tags.py", line 157, in render
    return compiled_parent._render(context)
  File "C:\Users\vanya\PycharmProjects\NewsPortal_Project\.venv\lib\site-packages\django\template\base.py", line 167, in _render
    return self.nodelist.render(context)
  File "C:\Users\vanya\PycharmProjects\NewsPortal_Project\.venv\lib\site-packages\django\template\base.py", line 1005, in render
    return SafeString("".join([node.render_annotated(context) for node in self]))
  File "C:\Users\vanya\PycharmProjects\NewsPortal_Project\.venv\lib\site-packages\django\template\base.py", line 1005, in <listcomp>
    return SafeString("".join([node.render_annotated(context) for node in self]))
  File "C:\Users\vanya\PycharmProjects\NewsPortal_Project\.venv\lib\site-packages\django\template\base.py", line 966, in render_annotated
    return self.render(context)
  File "C:\Users\vanya\PycharmProjects\NewsPortal_Project\.venv\lib\site-packages\django\template\loader_tags.py", line 63, in render
    result = block.nodelist.render(context)
  File "C:\Users\vanya\PycharmProjects\NewsPortal_Project\.venv\lib\site-packages\django\template\base.py", line 1005, in render
    return SafeString("".join([node.render_annotated(context) for node in self]))
  File "C:\Users\vanya\PycharmProjects\NewsPortal_Project\.venv\lib\site-packages\django\template\base.py", line 1005, in <listcomp>
    return SafeString("".join([node.render_annotated(context) for node in self]))
  File "C:\Users\vanya\PycharmProjects\NewsPortal_Project\.venv\lib\site-packages\django\template\base.py", line 966, in render_annotated
    return self.render(context)
  File "C:\Users\vanya\PycharmProjects\NewsPortal_Project\.venv\lib\site-packages\django\template\loader_tags.py", line 63, in render
    result = block.nodelist.render(context)
  File "C:\Users\vanya\PycharmProjects\NewsPortal_Project\.venv\lib\site-packages\django\template\base.py", line 1005, in render
    return SafeString("".join([node.render_annotated(context) for node in self]))
  File "C:\Users\vanya\PycharmProjects\NewsPortal_Project\.venv\lib\site-packages\django\template\base.py", line 1005, in <listcomp>
    return SafeString("".join([node.render_annotated(context) for node in self]))
  File "C:\Users\vanya\PycharmProjects\NewsPortal_Project\.venv\lib\site-packages\django\template\base.py", line 966, in render_annotated
    return self.render(context)
  File "C:\Users\vanya\PycharmProjects\NewsPortal_Project\.venv\lib\site-packages\django\template\defaulttags.py", line 321, in render
    return nodelist.render(context)
  File "C:\Users\vanya\PycharmProjects\NewsPortal_Project\.venv\lib\site-packages\django\template\base.py", line 1005, in render
    return SafeString("".join([node.render_annotated(context) for node in self]))
  File "C:\Users\vanya\PycharmProjects\NewsPortal_Project\.venv\lib\site-packages\django\template\base.py", line 1005, in <listcomp>
    return SafeString("".join([node.render_annotated(context) for node in self]))
  File "C:\Users\vanya\PycharmProjects\NewsPortal_Project\.venv\lib\site-packages\django\template\base.py", line 966, in render_annotated
    return self.render(context)
  File "C:\Users\vanya\PycharmProjects\NewsPortal_Project\.venv\lib\site-packages\django\template\loader_tags.py", line 208, in render
    return template.render(context)
  File "C:\Users\vanya\PycharmProjects\NewsPortal_Project\.venv\lib\site-packages\django\template\base.py", line 177, in render
    return self._render(context)
  File "C:\Users\vanya\PycharmProjects\NewsPortal_Project\.venv\lib\site-packages\django\template\base.py", line 167, in _render
    return self.nodelist.render(context)
  File "C:\Users\vanya\PycharmProjects\NewsPortal_Project\.venv\lib\site-packages\django\template\base.py", line 1005, in render
    return SafeString("".join([node.render_annotated(context) for node in self]))
  File "C:\Users\vanya\PycharmProjects\NewsPortal_Project\.venv\lib\site-packages\django\template\base.py", line 1005, in <listcomp>
    return SafeString("".join([node.render_annotated(context) for node in self]))
  File "C:\Users\vanya\PycharmProjects\NewsPortal_Project\.venv\lib\site-packages\django\template\base.py", line 966, in render_annotated
    return self.render(context)
  File "C:\Users\vanya\PycharmProjects\NewsPortal_Project\.venv\lib\site-packages\django\template\library.py", line 237, in render
    output = self.func(*resolved_args, **resolved_kwargs)
  File "C:\Users\vanya\PycharmProjects\NewsPortal_Project\.venv\lib\site-packages\allauth\socialaccount\templatetags\socialaccount.py", line 80, in get_providers
    providers = adapter.list_providers(request)
  File "C:\Users\vanya\PycharmProjects\NewsPortal_Project\.venv\lib\site-packages\allauth\socialaccount\adapter.py", line 191, in list_providers
    apps = self.list_apps(request)
  File "C:\Users\vanya\PycharmProjects\NewsPortal_Project\.venv\lib\site-packages\allauth\socialaccount\adapter.py", line 249, in list_apps
    for app in db_apps:
  File "C:\Users\vanya\PycharmProjects\NewsPortal_Project\.venv\lib\site-packages\django\db\models\query.py", line 398, in __iter__
    self._fetch_all()
  File "C:\Users\vanya\PycharmProjects\NewsPortal_Project\.venv\lib\site-packages\django\db\models\query.py", line 1881, in _fetch_all
    self._result_cache = list(self._iterable_class(self))
  File "C:\Users\vanya\PycharmProjects\NewsPortal_Project\.venv\lib\site-packages\django\db\models\query.py", line 91, in __iter__
    results = compiler.execute_sql(
  File "C:\Users\vanya\PycharmProjects\NewsPortal_Project\.venv\lib\site-packages\django\db\models\sql\compiler.py", line 1562, in execute_sql
    cursor.execute(sql, params)
  File "C:\Users\vanya\PycharmProjects\NewsPortal_Project\.venv\lib\site-packages\django\db\backends\utils.py", line 102, in execute
    return super().execute(sql, params)
  File "C:\Users\vanya\PycharmProjects\NewsPortal_Project\.venv\lib\site-packages\django\db\backends\utils.py", line 67, in execute
    return self._execute_with_wrappers(
  File "C:\Users\vanya\PycharmProjects\NewsPortal_Project\.venv\lib\site-packages\django\db\backends\utils.py", line 80, in _execute_with_wrappers
    return executor(sql, params, many, context)
  File "C:\Users\vanya\PycharmProjects\NewsPortal_Project\.venv\lib\site-packages\django\db\backends\utils.py", line 89, in _execute
    return self.cursor.execute(sql, params)
  File "C:\Users\vanya\PycharmProjects\NewsPortal_Project\.venv\lib\site-packages\django\db\utils.py", line 91, in __exit__
    raise dj_exc_value.with_traceback(traceback) from exc_value
  File "C:\Users\vanya\PycharmProjects\NewsPortal_Project\.venv\lib\site-packages\django\db\backends\utils.py", line 89, in _execute
    return self.cursor.execute(sql, params)
  File "C:\Users\vanya\PycharmProjects\NewsPortal_Project\.venv\lib\site-packages\django\db\backends\sqlite3\base.py", line 328, in execute
    return super().execute(query, params)
django.db.utils.OperationalError: no such column: socialaccount_socialapp.provider_id
2024-06-30 22:45:31,056 ERROR "GET /accounts/login/?next=/ HTTP/1.1" 500 360073 C:\Users\vanya\PycharmProjects\NewsPortal_Project\.venv\lib\site-packages\django\core\servers\basehttp.py None
